/home/ubuntu/ocean_annotations_platform/backups/push_backup.sh: line 4: python: command not found
[main 7ab9ab8] update_backup
 Committer: Ubuntu <ubuntu@ip-172-31-33-154.us-east-2.compute.internal>
Your name and email address were configured automatically based
on your username and hostname. Please check that they are accurate.
You can suppress this message by setting them explicitly. Run the
following command and follow the instructions in your editor to edit
your configuration file:

    git config --global --edit

After doing this, you may fix the identity used for this commit with:

    git commit --amend --reset-author

 18 files changed, 108 insertions(+), 46 deletions(-)
 create mode 100644 backups/cronjob_backup.log
 create mode 100644 backups/data.json
 create mode 100644 backups/data_marcos.pkl
 create mode 100644 data_dump.json
 delete mode 100644 explore_database.ipynb
 rewrite pair_comparison/management/commands/data_joblib.pkl (96%)
 create mode 100644 templates/pair_comparison/instructions_recording.html
 rename templates/{ => pair_comparison}/test.html (69%)
To github.com:germanbarchi/ocean_annotations_platform.git
   a4b4b67..7ab9ab8  main -> main
/home/ubuntu/ocean_annotations_platform/backups/push_backup.sh: line 4: python: command not found
[main 3951184] update_backup
 Committer: Ubuntu <ubuntu@ip-172-31-33-154.us-east-2.compute.internal>
Your name and email address were configured automatically based
on your username and hostname. Please check that they are accurate.
You can suppress this message by setting them explicitly. Run the
following command and follow the instructions in your editor to edit
your configuration file:

    git config --global --edit

After doing this, you may fix the identity used for this commit with:

    git commit --amend --reset-author

 1 file changed, 26 insertions(+)
To github.com:germanbarchi/ocean_annotations_platform.git
   7ab9ab8..3951184  main -> main
/home/ubuntu/ocean_annotations_platform/backups/push_backup.sh: line 4: python: command not found
[main c499926] update_backup
 Committer: Ubuntu <ubuntu@ip-172-31-33-154.us-east-2.compute.internal>
Your name and email address were configured automatically based
on your username and hostname. Please check that they are accurate.
You can suppress this message by setting them explicitly. Run the
following command and follow the instructions in your editor to edit
your configuration file:

    git config --global --edit

After doing this, you may fix the identity used for this commit with:

    git commit --amend --reset-author

 1 file changed, 1 insertion(+)
To github.com:germanbarchi/ocean_annotations_platform.git
   f1e50e0..c499926  main -> main
/home/ubuntu/ocean_annotations_platform/backups/push_backup.sh: line 4: python: command not found
[main 9eb1b8d] update_backup
 Committer: Ubuntu <ubuntu@ip-172-31-33-154.us-east-2.compute.internal>
Your name and email address were configured automatically based
on your username and hostname. Please check that they are accurate.
You can suppress this message by setting them explicitly. Run the
following command and follow the instructions in your editor to edit
your configuration file:

    git config --global --edit

After doing this, you may fix the identity used for this commit with:

    git commit --amend --reset-author

 1 file changed, 18 insertions(+)
To github.com:germanbarchi/ocean_annotations_platform.git
   c499926..9eb1b8d  main -> main
/home/ubuntu/ocean_annotations_platform/backups/push_backup.sh: line 4: python: command not found
[main 65acb78] update_backup
 Committer: Ubuntu <ubuntu@ip-172-31-33-154.us-east-2.compute.internal>
Your name and email address were configured automatically based
on your username and hostname. Please check that they are accurate.
You can suppress this message by setting them explicitly. Run the
following command and follow the instructions in your editor to edit
your configuration file:

    git config --global --edit

After doing this, you may fix the identity used for this commit with:

    git commit --amend --reset-author

 1 file changed, 18 insertions(+)
To github.com:germanbarchi/ocean_annotations_platform.git
   9eb1b8d..65acb78  main -> main
/home/ubuntu/ocean_annotations_platform/backups/push_backup.sh: line 4: python: command not found
[main b6a86d8] update_backup
 Committer: Ubuntu <ubuntu@ip-172-31-33-154.us-east-2.compute.internal>
Your name and email address were configured automatically based
on your username and hostname. Please check that they are accurate.
You can suppress this message by setting them explicitly. Run the
following command and follow the instructions in your editor to edit
your configuration file:

    git config --global --edit

After doing this, you may fix the identity used for this commit with:

    git commit --amend --reset-author

 1 file changed, 18 insertions(+)
To github.com:germanbarchi/ocean_annotations_platform.git
   65acb78..b6a86d8  main -> main
/home/ubuntu/ocean_annotations_platform/backups/push_backup.sh: line 4: python: command not found
[main 59979a2] update_backup
 Committer: Ubuntu <ubuntu@ip-172-31-33-154.us-east-2.compute.internal>
Your name and email address were configured automatically based
on your username and hostname. Please check that they are accurate.
You can suppress this message by setting them explicitly. Run the
following command and follow the instructions in your editor to edit
your configuration file:

    git config --global --edit

After doing this, you may fix the identity used for this commit with:

    git commit --amend --reset-author

 1 file changed, 18 insertions(+)
To github.com:germanbarchi/ocean_annotations_platform.git
   b6a86d8..59979a2  main -> main
/home/ubuntu/ocean_annotations_platform/backups/push_backup.sh: line 4: python: command not found
[main 163845c] update_backup
 Committer: Ubuntu <ubuntu@ip-172-31-33-154.us-east-2.compute.internal>
Your name and email address were configured automatically based
on your username and hostname. Please check that they are accurate.
You can suppress this message by setting them explicitly. Run the
following command and follow the instructions in your editor to edit
your configuration file:

    git config --global --edit

After doing this, you may fix the identity used for this commit with:

    git commit --amend --reset-author

 1 file changed, 18 insertions(+)
To github.com:germanbarchi/ocean_annotations_platform.git
   59979a2..163845c  main -> main
/home/ubuntu/ocean_annotations_platform/backups/push_backup.sh: line 4: python: command not found
[main 02f7b2e] update_backup
 Committer: Ubuntu <ubuntu@ip-172-31-33-154.us-east-2.compute.internal>
Your name and email address were configured automatically based
on your username and hostname. Please check that they are accurate.
You can suppress this message by setting them explicitly. Run the
following command and follow the instructions in your editor to edit
your configuration file:

    git config --global --edit

After doing this, you may fix the identity used for this commit with:

    git commit --amend --reset-author

 1 file changed, 18 insertions(+)
To github.com:germanbarchi/ocean_annotations_platform.git
   163845c..02f7b2e  main -> main
/home/ubuntu/ocean_annotations_platform/backups/push_backup.sh: line 4: python: command not found
[main 29afdcd] update_backup
 Committer: Ubuntu <ubuntu@ip-172-31-33-154.us-east-2.compute.internal>
Your name and email address were configured automatically based
on your username and hostname. Please check that they are accurate.
You can suppress this message by setting them explicitly. Run the
following command and follow the instructions in your editor to edit
your configuration file:

    git config --global --edit

After doing this, you may fix the identity used for this commit with:

    git commit --amend --reset-author

 1 file changed, 18 insertions(+)
To github.com:germanbarchi/ocean_annotations_platform.git
   02f7b2e..29afdcd  main -> main
/home/ubuntu/ocean_annotations_platform/backups/push_backup.sh: line 4: python: command not found
[main 445793d] update_backup
 Committer: Ubuntu <ubuntu@ip-172-31-33-154.us-east-2.compute.internal>
Your name and email address were configured automatically based
on your username and hostname. Please check that they are accurate.
You can suppress this message by setting them explicitly. Run the
following command and follow the instructions in your editor to edit
your configuration file:

    git config --global --edit

After doing this, you may fix the identity used for this commit with:

    git commit --amend --reset-author

 1 file changed, 18 insertions(+)
To github.com:germanbarchi/ocean_annotations_platform.git
   29afdcd..445793d  main -> main
/home/ubuntu/ocean_annotations_platform/backups/push_backup.sh: line 4: python: command not found
[main e02eb93] update_backup
 Committer: Ubuntu <ubuntu@ip-172-31-33-154.us-east-2.compute.internal>
Your name and email address were configured automatically based
on your username and hostname. Please check that they are accurate.
You can suppress this message by setting them explicitly. Run the
following command and follow the instructions in your editor to edit
your configuration file:

    git config --global --edit

After doing this, you may fix the identity used for this commit with:

    git commit --amend --reset-author

 1 file changed, 18 insertions(+)
To github.com:germanbarchi/ocean_annotations_platform.git
   445793d..e02eb93  main -> main
/home/ubuntu/ocean_annotations_platform/backups/push_backup.sh: line 4: python: command not found
[main 8893575] update_backup
 Committer: Ubuntu <ubuntu@ip-172-31-33-154.us-east-2.compute.internal>
Your name and email address were configured automatically based
on your username and hostname. Please check that they are accurate.
You can suppress this message by setting them explicitly. Run the
following command and follow the instructions in your editor to edit
your configuration file:

    git config --global --edit

After doing this, you may fix the identity used for this commit with:

    git commit --amend --reset-author

 1 file changed, 18 insertions(+)
To github.com:germanbarchi/ocean_annotations_platform.git
   e02eb93..8893575  main -> main
/home/ubuntu/ocean_annotations_platform/backups/push_backup.sh: line 4: python: command not found
[main 1bf6bde] update_backup
 Committer: Ubuntu <ubuntu@ip-172-31-33-154.us-east-2.compute.internal>
Your name and email address were configured automatically based
on your username and hostname. Please check that they are accurate.
You can suppress this message by setting them explicitly. Run the
following command and follow the instructions in your editor to edit
your configuration file:

    git config --global --edit

After doing this, you may fix the identity used for this commit with:

    git commit --amend --reset-author

 1 file changed, 18 insertions(+)
To github.com:germanbarchi/ocean_annotations_platform.git
   8893575..1bf6bde  main -> main
/home/ubuntu/ocean_annotations_platform/backups/push_backup.sh: line 4: python: command not found
[main bbac386] update_backup
 Committer: Ubuntu <ubuntu@ip-172-31-33-154.us-east-2.compute.internal>
Your name and email address were configured automatically based
on your username and hostname. Please check that they are accurate.
You can suppress this message by setting them explicitly. Run the
following command and follow the instructions in your editor to edit
your configuration file:

    git config --global --edit

After doing this, you may fix the identity used for this commit with:

    git commit --amend --reset-author

 1 file changed, 18 insertions(+)
To github.com:germanbarchi/ocean_annotations_platform.git
   1bf6bde..bbac386  main -> main
/home/ubuntu/ocean_annotations_platform/backups/push_backup.sh: line 4: python: command not found
[main d65fd5d] update_backup
 Committer: Ubuntu <ubuntu@ip-172-31-33-154.us-east-2.compute.internal>
Your name and email address were configured automatically based
on your username and hostname. Please check that they are accurate.
You can suppress this message by setting them explicitly. Run the
following command and follow the instructions in your editor to edit
your configuration file:

    git config --global --edit

After doing this, you may fix the identity used for this commit with:

    git commit --amend --reset-author

 1 file changed, 18 insertions(+)
To github.com:germanbarchi/ocean_annotations_platform.git
   bbac386..d65fd5d  main -> main
/home/ubuntu/ocean_annotations_platform/backups/push_backup.sh: line 4: python: command not found
[main 5731db1] update_backup
 Committer: Ubuntu <ubuntu@ip-172-31-33-154.us-east-2.compute.internal>
Your name and email address were configured automatically based
on your username and hostname. Please check that they are accurate.
You can suppress this message by setting them explicitly. Run the
following command and follow the instructions in your editor to edit
your configuration file:

    git config --global --edit

After doing this, you may fix the identity used for this commit with:

    git commit --amend --reset-author

 1 file changed, 18 insertions(+)
To github.com:germanbarchi/ocean_annotations_platform.git
   d65fd5d..5731db1  main -> main
/home/ubuntu/ocean_annotations_platform/backups/push_backup.sh: line 4: python: command not found
[main 61a6801] update_backup
 Committer: Ubuntu <ubuntu@ip-172-31-33-154.us-east-2.compute.internal>
Your name and email address were configured automatically based
on your username and hostname. Please check that they are accurate.
You can suppress this message by setting them explicitly. Run the
following command and follow the instructions in your editor to edit
your configuration file:

    git config --global --edit

After doing this, you may fix the identity used for this commit with:

    git commit --amend --reset-author

 1 file changed, 18 insertions(+)
To github.com:germanbarchi/ocean_annotations_platform.git
   5731db1..61a6801  main -> main
/home/ubuntu/ocean_annotations_platform/backups/push_backup.sh: line 4: python: command not found
[main 45b8a1d] update_backup
 Committer: Ubuntu <ubuntu@ip-172-31-33-154.us-east-2.compute.internal>
Your name and email address were configured automatically based
on your username and hostname. Please check that they are accurate.
You can suppress this message by setting them explicitly. Run the
following command and follow the instructions in your editor to edit
your configuration file:

    git config --global --edit

After doing this, you may fix the identity used for this commit with:

    git commit --amend --reset-author

 1 file changed, 18 insertions(+)
To github.com:germanbarchi/ocean_annotations_platform.git
   61a6801..45b8a1d  main -> main
/home/ubuntu/ocean_annotations_platform/backups/push_backup.sh: line 4: python: command not found
[main bf86f7b] update_backup
 Committer: Ubuntu <ubuntu@ip-172-31-33-154.us-east-2.compute.internal>
Your name and email address were configured automatically based
on your username and hostname. Please check that they are accurate.
You can suppress this message by setting them explicitly. Run the
following command and follow the instructions in your editor to edit
your configuration file:

    git config --global --edit

After doing this, you may fix the identity used for this commit with:

    git commit --amend --reset-author

 1 file changed, 18 insertions(+)
To github.com:germanbarchi/ocean_annotations_platform.git
   45b8a1d..bf86f7b  main -> main
/home/ubuntu/ocean_annotations_platform/backups/push_backup.sh: line 4: python: command not found
[main 293d3ef] update_backup
 Committer: Ubuntu <ubuntu@ip-172-31-33-154.us-east-2.compute.internal>
Your name and email address were configured automatically based
on your username and hostname. Please check that they are accurate.
You can suppress this message by setting them explicitly. Run the
following command and follow the instructions in your editor to edit
your configuration file:

    git config --global --edit

After doing this, you may fix the identity used for this commit with:

    git commit --amend --reset-author

 1 file changed, 18 insertions(+)
To github.com:germanbarchi/ocean_annotations_platform.git
   bf86f7b..293d3ef  main -> main
/home/ubuntu/ocean_annotations_platform/backups/push_backup.sh: line 4: python: command not found
[main 562b085] update_backup
 Committer: Ubuntu <ubuntu@ip-172-31-33-154.us-east-2.compute.internal>
Your name and email address were configured automatically based
on your username and hostname. Please check that they are accurate.
You can suppress this message by setting them explicitly. Run the
following command and follow the instructions in your editor to edit
your configuration file:

    git config --global --edit

After doing this, you may fix the identity used for this commit with:

    git commit --amend --reset-author

 1 file changed, 18 insertions(+)
To github.com:germanbarchi/ocean_annotations_platform.git
   293d3ef..562b085  main -> main
/home/ubuntu/ocean_annotations_platform/backups/push_backup.sh: line 4: python: command not found
[main ae28292] update_backup
 Committer: Ubuntu <ubuntu@ip-172-31-33-154.us-east-2.compute.internal>
Your name and email address were configured automatically based
on your username and hostname. Please check that they are accurate.
You can suppress this message by setting them explicitly. Run the
following command and follow the instructions in your editor to edit
your configuration file:

    git config --global --edit

After doing this, you may fix the identity used for this commit with:

    git commit --amend --reset-author

 1 file changed, 18 insertions(+)
To github.com:germanbarchi/ocean_annotations_platform.git
   562b085..ae28292  main -> main
/home/ubuntu/ocean_annotations_platform/backups/push_backup.sh: line 4: python: command not found
[main 2ce017f] update_backup
 Committer: Ubuntu <ubuntu@ip-172-31-33-154.us-east-2.compute.internal>
Your name and email address were configured automatically based
on your username and hostname. Please check that they are accurate.
You can suppress this message by setting them explicitly. Run the
following command and follow the instructions in your editor to edit
your configuration file:

    git config --global --edit

After doing this, you may fix the identity used for this commit with:

    git commit --amend --reset-author

 1 file changed, 18 insertions(+)
To github.com:germanbarchi/ocean_annotations_platform.git
   ae28292..2ce017f  main -> main
/home/ubuntu/ocean_annotations_platform/backups/push_backup.sh: line 4: python: command not found
[main 817c3d4] update_backup
 Committer: Ubuntu <ubuntu@ip-172-31-33-154.us-east-2.compute.internal>
Your name and email address were configured automatically based
on your username and hostname. Please check that they are accurate.
You can suppress this message by setting them explicitly. Run the
following command and follow the instructions in your editor to edit
your configuration file:

    git config --global --edit

After doing this, you may fix the identity used for this commit with:

    git commit --amend --reset-author

 1 file changed, 18 insertions(+)
To github.com:germanbarchi/ocean_annotations_platform.git
   2ce017f..817c3d4  main -> main
/home/ubuntu/ocean_annotations_platform/backups/push_backup.sh: line 4: python: command not found
[main f9cba90] update_backup
 Committer: Ubuntu <ubuntu@ip-172-31-33-154.us-east-2.compute.internal>
Your name and email address were configured automatically based
on your username and hostname. Please check that they are accurate.
You can suppress this message by setting them explicitly. Run the
following command and follow the instructions in your editor to edit
your configuration file:

    git config --global --edit

After doing this, you may fix the identity used for this commit with:

    git commit --amend --reset-author

 1 file changed, 18 insertions(+)
To github.com:germanbarchi/ocean_annotations_platform.git
   817c3d4..f9cba90  main -> main
/home/ubuntu/ocean_annotations_platform/backups/push_backup.sh: line 4: python: command not found
[main 4303785] update_backup
 Committer: Ubuntu <ubuntu@ip-172-31-33-154.us-east-2.compute.internal>
Your name and email address were configured automatically based
on your username and hostname. Please check that they are accurate.
You can suppress this message by setting them explicitly. Run the
following command and follow the instructions in your editor to edit
your configuration file:

    git config --global --edit

After doing this, you may fix the identity used for this commit with:

    git commit --amend --reset-author

 1 file changed, 18 insertions(+)
To github.com:germanbarchi/ocean_annotations_platform.git
   f9cba90..4303785  main -> main
/home/ubuntu/ocean_annotations_platform/backups/push_backup.sh: line 4: python: command not found
[main e4c09b5] update_backup
 Committer: Ubuntu <ubuntu@ip-172-31-33-154.us-east-2.compute.internal>
Your name and email address were configured automatically based
on your username and hostname. Please check that they are accurate.
You can suppress this message by setting them explicitly. Run the
following command and follow the instructions in your editor to edit
your configuration file:

    git config --global --edit

After doing this, you may fix the identity used for this commit with:

    git commit --amend --reset-author

 1 file changed, 18 insertions(+)
To github.com:germanbarchi/ocean_annotations_platform.git
   4303785..e4c09b5  main -> main
/home/ubuntu/ocean_annotations_platform/backups/push_backup.sh: line 4: python: command not found
[main ac5eb6a] update_backup
 Committer: Ubuntu <ubuntu@ip-172-31-33-154.us-east-2.compute.internal>
Your name and email address were configured automatically based
on your username and hostname. Please check that they are accurate.
You can suppress this message by setting them explicitly. Run the
following command and follow the instructions in your editor to edit
your configuration file:

    git config --global --edit

After doing this, you may fix the identity used for this commit with:

    git commit --amend --reset-author

 1 file changed, 18 insertions(+)
To github.com:germanbarchi/ocean_annotations_platform.git
   e4c09b5..ac5eb6a  main -> main
/home/ubuntu/ocean_annotations_platform/backups/push_backup.sh: line 4: python: command not found
[main 8b61f81] update_backup
 Committer: Ubuntu <ubuntu@ip-172-31-33-154.us-east-2.compute.internal>
Your name and email address were configured automatically based
on your username and hostname. Please check that they are accurate.
You can suppress this message by setting them explicitly. Run the
following command and follow the instructions in your editor to edit
your configuration file:

    git config --global --edit

After doing this, you may fix the identity used for this commit with:

    git commit --amend --reset-author

 1 file changed, 18 insertions(+)
To github.com:germanbarchi/ocean_annotations_platform.git
   ac5eb6a..8b61f81  main -> main
/home/ubuntu/ocean_annotations_platform/backups/push_backup.sh: line 4: python: command not found
[main 35de5e6] update_backup
 Committer: Ubuntu <ubuntu@ip-172-31-33-154.us-east-2.compute.internal>
Your name and email address were configured automatically based
on your username and hostname. Please check that they are accurate.
You can suppress this message by setting them explicitly. Run the
following command and follow the instructions in your editor to edit
your configuration file:

    git config --global --edit

After doing this, you may fix the identity used for this commit with:

    git commit --amend --reset-author

 2 files changed, 2 insertions(+)
 create mode 100644 backups/data_user1.pkl
To github.com:germanbarchi/ocean_annotations_platform.git
   925a0aa..35de5e6  main -> main
/home/ubuntu/ocean_annotations_platform/backups/push_backup.sh: line 4: python: command not found
[main 9468b1a] update_backup
 Committer: Ubuntu <ubuntu@ip-172-31-33-154.us-east-2.compute.internal>
Your name and email address were configured automatically based
on your username and hostname. Please check that they are accurate.
You can suppress this message by setting them explicitly. Run the
following command and follow the instructions in your editor to edit
your configuration file:

    git config --global --edit

After doing this, you may fix the identity used for this commit with:

    git commit --amend --reset-author

 1 file changed, 19 insertions(+)
To github.com:germanbarchi/ocean_annotations_platform.git
   35de5e6..9468b1a  main -> main
/home/ubuntu/ocean_annotations_platform/backups/push_backup.sh: line 4: python: command not found
[main 0b30c02] update_backup
 Committer: Ubuntu <ubuntu@ip-172-31-33-154.us-east-2.compute.internal>
Your name and email address were configured automatically based
on your username and hostname. Please check that they are accurate.
You can suppress this message by setting them explicitly. Run the
following command and follow the instructions in your editor to edit
your configuration file:

    git config --global --edit

After doing this, you may fix the identity used for this commit with:

    git commit --amend --reset-author

 1 file changed, 18 insertions(+)
To github.com:germanbarchi/ocean_annotations_platform.git
   9468b1a..0b30c02  main -> main
/home/ubuntu/ocean_annotations_platform/backups/push_backup.sh: line 4: python: command not found
[main aea9053] update_backup
 Committer: Ubuntu <ubuntu@ip-172-31-33-154.us-east-2.compute.internal>
Your name and email address were configured automatically based
on your username and hostname. Please check that they are accurate.
You can suppress this message by setting them explicitly. Run the
following command and follow the instructions in your editor to edit
your configuration file:

    git config --global --edit

After doing this, you may fix the identity used for this commit with:

    git commit --amend --reset-author

 1 file changed, 18 insertions(+)
To github.com:germanbarchi/ocean_annotations_platform.git
   0b30c02..aea9053  main -> main
/home/ubuntu/ocean_annotations_platform/backups/push_backup.sh: line 4: python: command not found
[main 35a2963] update_backup
 Committer: Ubuntu <ubuntu@ip-172-31-33-154.us-east-2.compute.internal>
Your name and email address were configured automatically based
on your username and hostname. Please check that they are accurate.
You can suppress this message by setting them explicitly. Run the
following command and follow the instructions in your editor to edit
your configuration file:

    git config --global --edit

After doing this, you may fix the identity used for this commit with:

    git commit --amend --reset-author

 1 file changed, 18 insertions(+)
To github.com:germanbarchi/ocean_annotations_platform.git
   aea9053..35a2963  main -> main
/home/ubuntu/ocean_annotations_platform/backups/push_backup.sh: line 4: python: command not found
[main ba80511] update_backup
 Committer: Ubuntu <ubuntu@ip-172-31-33-154.us-east-2.compute.internal>
Your name and email address were configured automatically based
on your username and hostname. Please check that they are accurate.
You can suppress this message by setting them explicitly. Run the
following command and follow the instructions in your editor to edit
your configuration file:

    git config --global --edit

After doing this, you may fix the identity used for this commit with:

    git commit --amend --reset-author

 1 file changed, 18 insertions(+)
To github.com:germanbarchi/ocean_annotations_platform.git
   35a2963..ba80511  main -> main
/home/ubuntu/ocean_annotations_platform/backups/push_backup.sh: line 4: python: command not found
[main d9080f3] update_backup
 Committer: Ubuntu <ubuntu@ip-172-31-33-154.us-east-2.compute.internal>
Your name and email address were configured automatically based
on your username and hostname. Please check that they are accurate.
You can suppress this message by setting them explicitly. Run the
following command and follow the instructions in your editor to edit
your configuration file:

    git config --global --edit

After doing this, you may fix the identity used for this commit with:

    git commit --amend --reset-author

 1 file changed, 18 insertions(+)
To github.com:germanbarchi/ocean_annotations_platform.git
   ba80511..d9080f3  main -> main
/home/ubuntu/ocean_annotations_platform/backups/push_backup.sh: line 4: python: command not found
[main 15d0ac0] update_backup
 Committer: Ubuntu <ubuntu@ip-172-31-33-154.us-east-2.compute.internal>
Your name and email address were configured automatically based
on your username and hostname. Please check that they are accurate.
You can suppress this message by setting them explicitly. Run the
following command and follow the instructions in your editor to edit
your configuration file:

    git config --global --edit

After doing this, you may fix the identity used for this commit with:

    git commit --amend --reset-author

 2 files changed, 19 insertions(+)
 create mode 100644 backups/data_users_12456.pkl
To github.com:germanbarchi/ocean_annotations_platform.git
   d9080f3..15d0ac0  main -> main
/home/ubuntu/ocean_annotations_platform/backups/push_backup.sh: line 4: python: command not found
[main ead7399] update_backup
 Committer: Ubuntu <ubuntu@ip-172-31-33-154.us-east-2.compute.internal>
Your name and email address were configured automatically based
on your username and hostname. Please check that they are accurate.
You can suppress this message by setting them explicitly. Run the
following command and follow the instructions in your editor to edit
your configuration file:

    git config --global --edit

After doing this, you may fix the identity used for this commit with:

    git commit --amend --reset-author

 2 files changed, 20 insertions(+)
 create mode 100644 backups/data_users_123456.pkl
To github.com:germanbarchi/ocean_annotations_platform.git
   15d0ac0..ead7399  main -> main
/home/ubuntu/ocean_annotations_platform/backups/push_backup.sh: line 4: python: command not found
[main 93b4c12] update_backup
 Committer: Ubuntu <ubuntu@ip-172-31-33-154.us-east-2.compute.internal>
Your name and email address were configured automatically based
on your username and hostname. Please check that they are accurate.
You can suppress this message by setting them explicitly. Run the
following command and follow the instructions in your editor to edit
your configuration file:

    git config --global --edit

After doing this, you may fix the identity used for this commit with:

    git commit --amend --reset-author

 1 file changed, 19 insertions(+)
To github.com:germanbarchi/ocean_annotations_platform.git
   ead7399..93b4c12  main -> main
/home/ubuntu/ocean_annotations_platform/backups/push_backup.sh: line 4: python: command not found
[main 10a0807] update_backup
 Committer: Ubuntu <ubuntu@ip-172-31-33-154.us-east-2.compute.internal>
Your name and email address were configured automatically based
on your username and hostname. Please check that they are accurate.
You can suppress this message by setting them explicitly. Run the
following command and follow the instructions in your editor to edit
your configuration file:

    git config --global --edit

After doing this, you may fix the identity used for this commit with:

    git commit --amend --reset-author

 1 file changed, 18 insertions(+)
To github.com:germanbarchi/ocean_annotations_platform.git
   93b4c12..10a0807  main -> main
/home/ubuntu/ocean_annotations_platform/backups/push_backup.sh: line 4: python: command not found
[main 9a11eed] update_backup
 Committer: Ubuntu <ubuntu@ip-172-31-33-154.us-east-2.compute.internal>
Your name and email address were configured automatically based
on your username and hostname. Please check that they are accurate.
You can suppress this message by setting them explicitly. Run the
following command and follow the instructions in your editor to edit
your configuration file:

    git config --global --edit

After doing this, you may fix the identity used for this commit with:

    git commit --amend --reset-author

 4 files changed, 38 insertions(+), 14 deletions(-)
 rewrite pair_comparison/management/commands/data_joblib.pkl (71%)
To github.com:germanbarchi/ocean_annotations_platform.git
   10a0807..9a11eed  main -> main
/home/ubuntu/ocean_annotations_platform/backups/push_backup.sh: line 4: python: command not found
[main b97d780] update_backup
 Committer: Ubuntu <ubuntu@ip-172-31-33-154.us-east-2.compute.internal>
Your name and email address were configured automatically based
on your username and hostname. Please check that they are accurate.
You can suppress this message by setting them explicitly. Run the
following command and follow the instructions in your editor to edit
your configuration file:

    git config --global --edit

After doing this, you may fix the identity used for this commit with:

    git commit --amend --reset-author

 5 files changed, 22 insertions(+), 10 deletions(-)
 create mode 100644 backups/data_users_1234567-12.pkl
 create mode 100644 backups/updated_data.pkl
To github.com:germanbarchi/ocean_annotations_platform.git
   9a11eed..b97d780  main -> main
/home/ubuntu/ocean_annotations_platform/backups/push_backup.sh: line 4: python: command not found
[main e23a7f8] update_backup
 Committer: Ubuntu <ubuntu@ip-172-31-33-154.us-east-2.compute.internal>
Your name and email address were configured automatically based
on your username and hostname. Please check that they are accurate.
You can suppress this message by setting them explicitly. Run the
following command and follow the instructions in your editor to edit
your configuration file:

    git config --global --edit

After doing this, you may fix the identity used for this commit with:

    git commit --amend --reset-author

 1 file changed, 20 insertions(+)
To github.com:germanbarchi/ocean_annotations_platform.git
   b97d780..e23a7f8  main -> main
/home/ubuntu/ocean_annotations_platform/backups/push_backup.sh: line 4: python: command not found
[main 33eb935] update_backup
 Committer: Ubuntu <ubuntu@ip-172-31-33-154.us-east-2.compute.internal>
Your name and email address were configured automatically based
on your username and hostname. Please check that they are accurate.
You can suppress this message by setting them explicitly. Run the
following command and follow the instructions in your editor to edit
your configuration file:

    git config --global --edit

After doing this, you may fix the identity used for this commit with:

    git commit --amend --reset-author

 1 file changed, 18 insertions(+)
To github.com:germanbarchi/ocean_annotations_platform.git
   e23a7f8..33eb935  main -> main
/home/ubuntu/ocean_annotations_platform/backups/push_backup.sh: line 4: python: command not found
[main 691a9b0] update_backup
 Committer: Ubuntu <ubuntu@ip-172-31-33-154.us-east-2.compute.internal>
Your name and email address were configured automatically based
on your username and hostname. Please check that they are accurate.
You can suppress this message by setting them explicitly. Run the
following command and follow the instructions in your editor to edit
your configuration file:

    git config --global --edit

After doing this, you may fix the identity used for this commit with:

    git commit --amend --reset-author

 1 file changed, 18 insertions(+)
To github.com:germanbarchi/ocean_annotations_platform.git
   33eb935..691a9b0  main -> main
/home/ubuntu/ocean_annotations_platform/backups/push_backup.sh: line 4: python: command not found
[main e65b4c0] update_backup
 Committer: Ubuntu <ubuntu@ip-172-31-33-154.us-east-2.compute.internal>
Your name and email address were configured automatically based
on your username and hostname. Please check that they are accurate.
You can suppress this message by setting them explicitly. Run the
following command and follow the instructions in your editor to edit
your configuration file:

    git config --global --edit

After doing this, you may fix the identity used for this commit with:

    git commit --amend --reset-author

 2 files changed, 19 insertions(+)
 create mode 100644 backups/data_users_221223.pkl
To github.com:germanbarchi/ocean_annotations_platform.git
   691a9b0..e65b4c0  main -> main
/home/ubuntu/ocean_annotations_platform/backups/push_backup.sh: line 4: python: command not found
[main 8f70ede] update_backup
 Committer: Ubuntu <ubuntu@ip-172-31-33-154.us-east-2.compute.internal>
Your name and email address were configured automatically based
on your username and hostname. Please check that they are accurate.
You can suppress this message by setting them explicitly. Run the
following command and follow the instructions in your editor to edit
your configuration file:

    git config --global --edit

After doing this, you may fix the identity used for this commit with:

    git commit --amend --reset-author

 1 file changed, 19 insertions(+)
To github.com:germanbarchi/ocean_annotations_platform.git
   e65b4c0..8f70ede  main -> main
/home/ubuntu/ocean_annotations_platform/backups/push_backup.sh: line 4: python: command not found
[main 5a65963] update_backup
 Committer: Ubuntu <ubuntu@ip-172-31-33-154.us-east-2.compute.internal>
Your name and email address were configured automatically based
on your username and hostname. Please check that they are accurate.
You can suppress this message by setting them explicitly. Run the
following command and follow the instructions in your editor to edit
your configuration file:

    git config --global --edit

After doing this, you may fix the identity used for this commit with:

    git commit --amend --reset-author

 1 file changed, 18 insertions(+)
To github.com:germanbarchi/ocean_annotations_platform.git
   8f70ede..5a65963  main -> main
/home/ubuntu/ocean_annotations_platform/backups/push_backup.sh: line 4: python: command not found
[main 68a8047] update_backup
 Committer: Ubuntu <ubuntu@ip-172-31-33-154.us-east-2.compute.internal>
Your name and email address were configured automatically based
on your username and hostname. Please check that they are accurate.
You can suppress this message by setting them explicitly. Run the
following command and follow the instructions in your editor to edit
your configuration file:

    git config --global --edit

After doing this, you may fix the identity used for this commit with:

    git commit --amend --reset-author

 1 file changed, 18 insertions(+)
To github.com:germanbarchi/ocean_annotations_platform.git
   5a65963..68a8047  main -> main
/home/ubuntu/ocean_annotations_platform/backups/push_backup.sh: line 4: python: command not found
[main 90c9ee1] update_backup
 Committer: Ubuntu <ubuntu@ip-172-31-33-154.us-east-2.compute.internal>
Your name and email address were configured automatically based
on your username and hostname. Please check that they are accurate.
You can suppress this message by setting them explicitly. Run the
following command and follow the instructions in your editor to edit
your configuration file:

    git config --global --edit

After doing this, you may fix the identity used for this commit with:

    git commit --amend --reset-author

 1 file changed, 18 insertions(+)
To github.com:germanbarchi/ocean_annotations_platform.git
   68a8047..90c9ee1  main -> main
/home/ubuntu/ocean_annotations_platform/backups/push_backup.sh: line 4: python: command not found
[main 7276f83] update_backup
 Committer: Ubuntu <ubuntu@ip-172-31-33-154.us-east-2.compute.internal>
Your name and email address were configured automatically based
on your username and hostname. Please check that they are accurate.
You can suppress this message by setting them explicitly. Run the
following command and follow the instructions in your editor to edit
your configuration file:

    git config --global --edit

After doing this, you may fix the identity used for this commit with:

    git commit --amend --reset-author

 1 file changed, 18 insertions(+)
To github.com:germanbarchi/ocean_annotations_platform.git
   90c9ee1..7276f83  main -> main
/home/ubuntu/ocean_annotations_platform/backups/push_backup.sh: line 4: python: command not found
